<?xml version="1.0" encoding="UTF-8"?>
<!-- Generated by org.testng.reporters.JUnitXMLReporter -->
<testsuite hostname="Manasa" ignored="2" name="Default test" tests="1" failures="0" timestamp="07 Nov 2017 15:59:39 GMT" time="25.157" errors="0">
  <testcase name="webDriverCommands3" time="25.091" classname="seleniumcodingday3.SeleniumTestScript"/>
  <testcase name="webDriverCommands" time="0.0" classname="seleniumcodingday3.SeleniumTestScript">
    <ignored/>
  </testcase> <!-- webDriverCommands -->
  <testcase name="webDriverCommands2" time="0.0" classname="seleniumcodingday3.SeleniumTestScript">
    <ignored/>
  </testcase> <!-- webDriverCommands2 -->
</testsuite> <!-- Default test -->
