<?xml version="1.0" encoding="UTF-8"?>
<!-- Generated by org.testng.reporters.JUnitXMLReporter -->
<testsuite hostname="Manasa" ignored="3" name="Default test" tests="1" failures="0" timestamp="10 Nov 2017 17:03:28 GMT" time="26.338" errors="0">
  <testcase name="webDriverCommands" time="9.134" classname="testScripts.SeleniumTestScript"/>
  <testcase name="endBrowser" time="0.0" classname="testScripts.SeleniumTestScript">
    <ignored/>
  </testcase> <!-- endBrowser -->
  <testcase name="webDriverCommands3" time="0.0" classname="testScripts.SeleniumTestScript">
    <ignored/>
  </testcase> <!-- webDriverCommands3 -->
  <testcase name="webDriverCommands2" time="0.0" classname="testScripts.SeleniumTestScript">
    <ignored/>
  </testcase> <!-- webDriverCommands2 -->
</testsuite> <!-- Default test -->
