<?xml version="1.0" encoding="UTF-8"?>
<testng-results skipped="0" failed="0" ignored="2" total="3" passed="1">
  <reporter-output>
  </reporter-output>
  <suite name="Default suite" duration-ms="25157" started-at="2017-11-07T15:59:14Z" finished-at="2017-11-07T15:59:39Z">
    <groups>
    </groups>
    <test name="Default test" duration-ms="25157" started-at="2017-11-07T15:59:14Z" finished-at="2017-11-07T15:59:39Z">
      <class name="seleniumcodingday3.SeleniumTestScript">
        <test-method status="PASS" signature="webDriverCommands3()[pri:0, instance:seleniumcodingday3.SeleniumTestScript@4520ebad]" name="webDriverCommands3" duration-ms="25091" started-at="2017-11-07T10:59:14Z" finished-at="2017-11-07T10:59:39Z">
          <reporter-output>
          </reporter-output>
        </test-method> <!-- webDriverCommands3 -->
      </class> <!-- seleniumcodingday3.SeleniumTestScript -->
    </test> <!-- Default test -->
  </suite> <!-- Default suite -->
</testng-results>
