<?xml version="1.0" encoding="UTF-8"?>
<testng-results skipped="0" failed="0" ignored="3" total="4" passed="1">
  <reporter-output>
    <line>
      <![CDATA[This is the current URL : http://automationpractice.com/index.php]]>
    </line>
    <line>
      <![CDATA[This page title : My Store]]>
    </line>
  </reporter-output>
  <suite name="Default suite" duration-ms="26338" started-at="2017-11-10T17:03:02Z" finished-at="2017-11-10T17:03:28Z">
    <groups>
    </groups>
    <test name="Default test" duration-ms="26338" started-at="2017-11-10T17:03:02Z" finished-at="2017-11-10T17:03:28Z">
      <class name="testScripts.SeleniumTestScript">
        <test-method status="PASS" signature="startBrowser()[pri:0, instance:testScripts.SeleniumTestScript@68be2bc2]" name="startBrowser" is-config="true" duration-ms="17138" started-at="2017-11-10T12:03:02Z" finished-at="2017-11-10T12:03:19Z">
          <reporter-output>
          </reporter-output>
        </test-method> <!-- startBrowser -->
        <test-method status="PASS" signature="webDriverCommands()[pri:0, instance:testScripts.SeleniumTestScript@68be2bc2]" name="webDriverCommands" duration-ms="9134" started-at="2017-11-10T12:03:19Z" finished-at="2017-11-10T12:03:28Z">
          <reporter-output>
            <line>
              <![CDATA[This is the current URL : http://automationpractice.com/index.php]]>
            </line>
            <line>
              <![CDATA[This page title : My Store]]>
            </line>
          </reporter-output>
        </test-method> <!-- webDriverCommands -->
      </class> <!-- testScripts.SeleniumTestScript -->
    </test> <!-- Default test -->
  </suite> <!-- Default suite -->
</testng-results>
